{"uuid":"3c77c8a3-17af-4f51-85e1-032192bd3233","historyId":"9cf4fcc34878e7f741dbf59829d42b05","fullName":"Facebook.locators.login","labels":[{"name":"package","value":"Facebook.locators"},{"name":"testClass","value":"Facebook.locators"},{"name":"testMethod","value":"login"},{"name":"parentSuite","value":"Default Suite"},{"name":"suite","value":"Automation_TestPoint_lec1"},{"name":"subSuite","value":"Facebook.locators"},{"name":"host","value":"DESKTOP-KVOL5D2"},{"name":"thread","value":"14916@DESKTOP-KVOL5D2.main(1)"},{"name":"framework","value":"testng"},{"name":"language","value":"java"}],"links":[],"name":"login","status":"failed","statusDetails":{"known":false,"muted":false,"flaky":false,"message":"Assertion failed; expected The password you've entered is incorrect., but found The password that you've entered is incorrect.\nForgotten password?","trace":"java.lang.AssertionError: Assertion failed; expected The password you've entered is incorrect., but found The password that you've entered is incorrect.\nForgotten password?\r\n\tat org.testng.Assert.fail(Assert.java:111)\r\n\tat com.shaft.tools.io.internal.FailureReporter.fail(FailureReporter.java:38)\r\n\tat com.shaft.validation.internal.ValidationsHelper2.lambda$reportValidationState$10(ValidationsHelper2.java:266)\r\n\tat io.qameta.allure.AllureLifecycle.updateStep(AllureLifecycle.java:520)\r\n\tat io.qameta.allure.AllureLifecycle.updateStep(AllureLifecycle.java:501)\r\n\tat com.shaft.validation.internal.ValidationsHelper2.reportValidationState(ValidationsHelper2.java:266)\r\n\tat com.shaft.validation.internal.ValidationsHelper2.validateElementAttribute(ValidationsHelper2.java:142)\r\n\tat com.shaft.validation.internal.ValidationsExecutor.performValidation(ValidationsExecutor.java:175)\r\n\tat com.shaft.validation.internal.ValidationsExecutor.internalPerform(ValidationsExecutor.java:154)\r\n\tat com.shaft.validation.internal.NativeValidationsBuilder.contains(NativeValidationsBuilder.java:128)\r\n\tat Facebook.locators.login(locators.java:33)\r\n\tat java.base/jdk.internal.reflect.DirectMethodHandleAccessor.invoke(DirectMethodHandleAccessor.java:103)\r\n\tat java.base/java.lang.reflect.Method.invoke(Method.java:580)\r\n\tat org.testng.internal.invokers.MethodInvocationHelper.invokeMethod(MethodInvocationHelper.java:141)\r\n\tat org.testng.internal.invokers.TestInvoker.invokeMethod(TestInvoker.java:686)\r\n\tat org.testng.internal.invokers.TestInvoker.invokeTestMethod(TestInvoker.java:230)\r\n\tat org.testng.internal.invokers.MethodRunner.runInSequence(MethodRunner.java:63)\r\n\tat org.testng.internal.invokers.TestInvoker$MethodInvocationAgent.invoke(TestInvoker.java:992)\r\n\tat org.testng.internal.invokers.TestInvoker.invokeTestMethods(TestInvoker.java:203)\r\n\tat org.testng.internal.invokers.TestMethodWorker.invokeTestMethods(TestMethodWorker.java:154)\r\n\tat org.testng.internal.invokers.TestMethodWorker.run(TestMethodWorker.java:134)\r\n\tat java.base/java.util.ArrayList.forEach(ArrayList.java:1596)\r\n\tat org.testng.TestRunner.privateRun(TestRunner.java:739)\r\n\tat org.testng.TestRunner.run(TestRunner.java:614)\r\n\tat org.testng.SuiteRunner.runTest(SuiteRunner.java:421)\r\n\tat org.testng.SuiteRunner.runSequentially(SuiteRunner.java:413)\r\n\tat org.testng.SuiteRunner.privateRun(SuiteRunner.java:373)\r\n\tat org.testng.SuiteRunner.run(SuiteRunner.java:312)\r\n\tat org.testng.SuiteRunnerWorker.runSuite(SuiteRunnerWorker.java:52)\r\n\tat org.testng.SuiteRunnerWorker.run(SuiteRunnerWorker.java:95)\r\n\tat org.testng.TestNG.runSuitesSequentially(TestNG.java:1274)\r\n\tat org.testng.TestNG.runSuitesLocally(TestNG.java:1208)\r\n\tat org.testng.TestNG.runSuites(TestNG.java:1112)\r\n\tat org.testng.TestNG.run(TestNG.java:1079)\r\n\tat com.intellij.rt.testng.IDEARemoteTestNG.run(IDEARemoteTestNG.java:65)\r\n\tat com.intellij.rt.testng.RemoteTestNGStarter.main(RemoteTestNGStarter.java:105)\r\n"},"stage":"finished","steps":[{"name":"Navigate to url \"https://www.facebook.com/\".","status":"passed","stage":"finished","steps":[],"attachments":[],"parameters":[],"start":1740232580661,"stop":1740232580661},{"name":"Type \"Email address or phone number\"","status":"passed","stage":"finished","steps":[],"attachments":[],"parameters":[{"name":"locator","value":"By.id: email"},{"name":"text","value":"Test@Gmail.com"}],"start":1740232580682,"stop":1740232580778},{"name":"Type \"Password\"","status":"passed","stage":"finished","steps":[],"attachments":[],"parameters":[{"name":"locator","value":"By.id: pass"},{"name":"text","value":"P@ssw0rd"}],"start":1740232580778,"stop":1740232580859},{"name":"Click \"Log in\"","status":"passed","stage":"finished","steps":[],"attachments":[],"parameters":[{"name":"locator","value":"By.xpath: //button[@name='login']"}],"start":1740232580859,"stop":1740232580938},{"name":" Assert that the element located by \"By.xpath: //div[@class='_9ay7']\" exists.","status":"passed","stage":"finished","steps":[{"name":"Assertion passed","status":"passed","stage":"finished","steps":[],"attachments":[],"parameters":[],"start":1740232583259,"stop":1740232583259}],"attachments":[{"name":"Screenshot - Assert_١٥-٥٦-٢٣-٢٥٥_٢٢٠٢٢٠٢٥","source":"62c1bf2b-7b18-47db-96b7-7e62864634fc-attachment.png","type":"image/png"}],"parameters":[{"name":"Locator","value":"By.xpath: //div[@class='_9ay7']","mode":"default"},{"name":"Should exist","value":"true","mode":"default"},{"name":"Actual value","value":"true","mode":"default"}],"start":1740232580972,"stop":1740232583259},{"name":" Assert that the element located by \"By.xpath: //div[@class='_9ay7']\" text contains \"The password you've entered is incorrect.\".","status":"failed","statusDetails":{"known":false,"muted":false,"flaky":false,"message":"Assertion failed; expected The password you've entered is incorrect., but found The password that you've entered is incorrect.\nForgotten password?","trace":"java.lang.AssertionError: Assertion failed; expected The password you've entered is incorrect., but found The password that you've entered is incorrect.\nForgotten password?\r\n\tat org.testng.Assert.fail(Assert.java:111)\r\n\tat com.shaft.tools.io.internal.FailureReporter.fail(FailureReporter.java:38)\r\n\tat com.shaft.validation.internal.ValidationsHelper2.lambda$reportValidationState$10(ValidationsHelper2.java:266)\r\n\tat io.qameta.allure.AllureLifecycle.updateStep(AllureLifecycle.java:520)\r\n\tat io.qameta.allure.AllureLifecycle.updateStep(AllureLifecycle.java:501)\r\n\tat com.shaft.validation.internal.ValidationsHelper2.reportValidationState(ValidationsHelper2.java:266)\r\n\tat com.shaft.validation.internal.ValidationsHelper2.validateElementAttribute(ValidationsHelper2.java:142)\r\n\tat com.shaft.validation.internal.ValidationsExecutor.performValidation(ValidationsExecutor.java:175)\r\n\tat com.shaft.validation.internal.ValidationsExecutor.internalPerform(ValidationsExecutor.java:154)\r\n\tat com.shaft.validation.internal.NativeValidationsBuilder.contains(NativeValidationsBuilder.java:128)\r\n\tat Facebook.locators.login(locators.java:33)\r\n\tat java.base/jdk.internal.reflect.DirectMethodHandleAccessor.invoke(DirectMethodHandleAccessor.java:103)\r\n\tat java.base/java.lang.reflect.Method.invoke(Method.java:580)\r\n\tat org.testng.internal.invokers.MethodInvocationHelper.invokeMethod(MethodInvocationHelper.java:141)\r\n\tat org.testng.internal.invokers.TestInvoker.invokeMethod(TestInvoker.java:686)\r\n\tat org.testng.internal.invokers.TestInvoker.invokeTestMethod(TestInvoker.java:230)\r\n\tat org.testng.internal.invokers.MethodRunner.runInSequence(MethodRunner.java:63)\r\n\tat org.testng.internal.invokers.TestInvoker$MethodInvocationAgent.invoke(TestInvoker.java:992)\r\n\tat org.testng.internal.invokers.TestInvoker.invokeTestMethods(TestInvoker.java:203)\r\n\tat org.testng.internal.invokers.TestMethodWorker.invokeTestMethods(TestMethodWorker.java:154)\r\n\tat org.testng.internal.invokers.TestMethodWorker.run(TestMethodWorker.java:134)\r\n\tat java.base/java.util.ArrayList.forEach(ArrayList.java:1596)\r\n\tat org.testng.TestRunner.privateRun(TestRunner.java:739)\r\n\tat org.testng.TestRunner.run(TestRunner.java:614)\r\n\tat org.testng.SuiteRunner.runTest(SuiteRunner.java:421)\r\n\tat org.testng.SuiteRunner.runSequentially(SuiteRunner.java:413)\r\n\tat org.testng.SuiteRunner.privateRun(SuiteRunner.java:373)\r\n\tat org.testng.SuiteRunner.run(SuiteRunner.java:312)\r\n\tat org.testng.SuiteRunnerWorker.runSuite(SuiteRunnerWorker.java:52)\r\n\tat org.testng.SuiteRunnerWorker.run(SuiteRunnerWorker.java:95)\r\n\tat org.testng.TestNG.runSuitesSequentially(TestNG.java:1274)\r\n\tat org.testng.TestNG.runSuitesLocally(TestNG.java:1208)\r\n\tat org.testng.TestNG.runSuites(TestNG.java:1112)\r\n\tat org.testng.TestNG.run(TestNG.java:1079)\r\n\tat com.intellij.rt.testng.IDEARemoteTestNG.run(IDEARemoteTestNG.java:65)\r\n\tat com.intellij.rt.testng.RemoteTestNGStarter.main(RemoteTestNGStarter.java:105)\r\n"},"stage":"finished","steps":[{"name":"Assertion failed; expected The password you've entered is incorrect., but found The password that you've entered is incorrect.\nForgotten password?","status":"failed","stage":"finished","steps":[],"attachments":[],"parameters":[],"start":1740232643845,"stop":1740232643845}],"attachments":[{"name":"Screenshot - Assert_١٥-٥٧-٢٣-٦٤٦_٢٢٠٢٢٠٢٥","source":"912d1d2a-7d53-43d0-a0db-edf24011b659-attachment.png","type":"image/png"},{"name":"Assert - page snapshot","source":"7ef83ae3-7711-4279-b6b5-c728e4588bf0-attachment"}],"parameters":[{"name":"Locator","value":"By.xpath: //div[@class='_9ay7']","mode":"default"},{"name":"Attribute","value":"text","mode":"default"},{"name":"Expected value","value":"The password you've entered is incorrect.","mode":"default"},{"name":"Actual value","value":"The password that you've entered is incorrect.\nForgotten password?","mode":"default"},{"name":"Comparison type","value":"Contains","mode":"default"},{"name":"Validation","value":"Positive","mode":"default"}],"start":1740232583263,"stop":1740232643847}],"attachments":[{"name":"SHAFT Engine Logs - Current Method log: login","source":"075da6f2-ad4d-4dcd-ad4d-25c11bf83753-attachment.txt","type":"text/plain"}],"parameters":[],"start":1740232575950,"stop":1740232643859}